<?xml version="1.0" encoding="UTF-8"?>
<testsuites name="DemoSuite" time="11.004" tests="1" failures="0" errors="0">
   <testsuite name="DemoSuite" tests="1" failures="0" errors="0" time="11.004" skipped="0" timestamp="19-01-2024T11:53:08" hostname="Mahesh - 172.31.98.130" id="Test Suites/DemoSuite">
      <properties>
         <property name="deviceName" value=""/>
         <property name="devicePlatform" value=""/>
         <property name="logFolder" value="C:\\Users\\Mahesh\\git\\IGSAutomationDemo\\Reports\\20240119_115257\\DemoSuite\\20240119_115303"/>
         <property name="logFiles" value="C:\\Users\\Mahesh\\git\\IGSAutomationDemo\\Reports\\20240119_115257\\DemoSuite\\20240119_115303\\execution0.log"/>
         <property name="attachments" value=""/>
         <property name="hostName" value="Mahesh - 172.31.98.130"/>
         <property name="os" value="Windows 10 64bit"/>
         <property name="katalonVersion" value="9.2.0.212"/>
         <property name="browser" value="Chrome 120.0.0.0"/>
         <property name="hostAddress" value="172.31.98.130"/>
         <property name="sessionId" value="b5096fa2ea199d6ef1f83aaa244b07c3"/>
         <property name="seleniumVersion" value="3.141.59"/>
         <property name="proxyInformation" value="ProxyInformation { proxyOption=NO_PROXY, proxyServerType=HTTP, username=, password=********, proxyServerAddress=, proxyServerPort=0, executionList=&quot;&quot;, isApplyToDesiredCapabilities=true }"/>
         <property name="platform" value="Windows 10"/>
      </properties>
      <testcase name="Test Cases/Login" time="10.838" classname="Test Cases/Login" status="PASSED">
         <system-out><![CDATA[19-01-2024T11:53:08 - [TEST_CASE][PASSED] - Test Cases/Login: Test Cases/Login

19-01-2024T11:53:08 - [TEST_STEP][PASSED] - openBrowser(""): Browser is opened with url: ''

19-01-2024T11:53:08 - [MESSAGE][INFO] - Starting 'Chrome' driver

19-01-2024T11:53:08 - [MESSAGE][INFO] - Action delay is set to 0 milliseconds

19-01-2024T11:53:11 - [MESSAGE][PASSED] - Browser is opened with url: ''

19-01-2024T11:53:11 - [TEST_STEP][PASSED] - navigateToUrl("https://katalon-demo-cura.herokuapp.com/"): Navigate to 'https://katalon-demo-cura.herokuapp.com/' successfully

19-01-2024T11:53:15 - [MESSAGE][PASSED] - Navigate to 'https://katalon-demo-cura.herokuapp.com/' successfully

19-01-2024T11:53:15 - [TEST_STEP][PASSED] - click(findTestObject("Object Repository/IGSOR/Page_CURA Healthcare Service/i_fa fa-bars")): Object: 'Object Repository/IGSOR/Page_CURA Healthcare Service/i_fa fa-bars' is clicked on

19-01-2024T11:53:15 - [MESSAGE][PASSED] - Object: 'Object Repository/IGSOR/Page_CURA Healthcare Service/i_fa fa-bars' is clicked on

19-01-2024T11:53:15 - [TEST_STEP][PASSED] - click(findTestObject("Object Repository/IGSOR/Page_CURA Healthcare Service/a_Login")): Object: 'Object Repository/IGSOR/Page_CURA Healthcare Service/a_Login' is clicked on

19-01-2024T11:53:17 - [MESSAGE][PASSED] - Object: 'Object Repository/IGSOR/Page_CURA Healthcare Service/a_Login' is clicked on

19-01-2024T11:53:17 - [TEST_STEP][PASSED] - setText(findTestObject("Object Repository/IGSOR/Page_CURA Healthcare Service/input_username"), "John Doe"): Text 'John Doe' is set on object 'Object Repository/IGSOR/Page_CURA Healthcare Service/input_username'

19-01-2024T11:53:17 - [MESSAGE][PASSED] - Text 'John Doe' is set on object 'Object Repository/IGSOR/Page_CURA Healthcare Service/input_username'

19-01-2024T11:53:17 - [TEST_STEP][PASSED] - setEncryptedText(findTestObject("Object Repository/IGSOR/Page_CURA Healthcare Service/input_password"), "g3/DOGG74jC3Flrr3yH+3D/yKbOqqUNM"): Text ****** has been set on object 'Object Repository/IGSOR/Page_CURA Healthcare Service/input_password'

19-01-2024T11:53:18 - [MESSAGE][PASSED] - Text ****** has been set on object 'Object Repository/IGSOR/Page_CURA Healthcare Service/input_password'

19-01-2024T11:53:18 - [TEST_STEP][PASSED] - click(findTestObject("Object Repository/IGSOR/Page_CURA Healthcare Service/button_Login")): Object: 'Object Repository/IGSOR/Page_CURA Healthcare Service/button_Login' is clicked on

19-01-2024T11:53:19 - [MESSAGE][PASSED] - Object: 'Object Repository/IGSOR/Page_CURA Healthcare Service/button_Login' is clicked on

19-01-2024T11:53:19 - [TEST_STEP][PASSED] - closeBrowser(): Browser is closed

19-01-2024T11:53:19 - [MESSAGE][PASSED] - Browser is closed]]></system-out>
         <system-err><![CDATA[]]></system-err>
      </testcase>
      <system-out><![CDATA[19-01-2024T11:53:08 - [TEST_SUITE][PASSED] - DemoSuite: Test Cases/Login]]></system-out>
      <system-err><![CDATA[]]></system-err>
   </testsuite>
</testsuites>
